Arguments: 
  /Users/marabita/.nvm/versions/node/v12.13.0/bin/node /usr/local/bin/yarn add react-native react

PATH: 
  /Users/marabita/.nvm/versions/node/v12.13.0/bin:/Users/marabita/.nvm/versions/node/v12.13.0/bin:/usr/local/bin:/usr/bin:/bin:/usr/sbin:/sbin:/Library/Apple/usr/bin:/Users/marabita/.zinit/polaris/bin:/Users/marabita/.nvm/versions/node/v12.13.0/bin:/Applications/Visual Studio Code.app/Contents/Resources/app/bin:/usr/local/opt/node@14/bin:/Users/marabita/Library/Android/sdk/emulator:/Users/marabita/Library/Android/sdk/tools:/Users/marabita/Library/Android/sdk/tools/bin:/Users/marabita/Library/Android/sdk/platform-tools:/opt/gradle/gradle-7.1/bin:/Applications/Visual Studio Code.app/Contents/Resources/app/bin:/usr/local/opt/node@14/bin:/Users/marabita/Library/Android/sdk/emulator:/Users/marabita/Library/Android/sdk/tools:/Users/marabita/Library/Android/sdk/tools/bin:/Users/marabita/Library/Android/sdk/platform-tools:/opt/gradle/gradle-7.1/bin

Yarn version: 
  1.22.10

Node version: 
  12.13.0

Platform: 
  darwin x64

Trace: 
  Error: https://registry.yarnpkg.com/react-is/-/react-is-16.13.1.tgz: ENOSPC: no space left on device, write

npm manifest: 
  {
    "name": "javascript-helper",
    "version": "1.0.0",
    "description": "",
    "main": "index.js",
    "scripts": {
      "test": "echo \"Error: no test specified\" && exit 1"
    },
    "repository": {
      "type": "git",
      "url": "git+https://github.com/lucasaraujonrt/javascript-helper.git"
    },
    "author": "Lucas Araujo",
    "license": "MIT",
    "bugs": {
      "url": "https://github.com/lucasaraujonrt/javascript-helper/issues"
    },
    "homepage": "https://github.com/lucasaraujonrt/javascript-helper#readme",
    "dependencies": {
      "@types/node": "^16.4.3",
      "compress.js": "^1.1.2",
      "typescript": "^4.3.5",
      "vanilla-masker": "^1.2.0"
    }
  }

yarn manifest: 
  No manifest

Lockfile: 
  # THIS IS AN AUTOGENERATED FILE. DO NOT EDIT THIS FILE DIRECTLY.
  # yarn lockfile v1
  
  
  "@types/node@^16.4.3":
    version "16.4.3"
    resolved "https://registry.yarnpkg.com/@types/node/-/node-16.4.3.tgz#c01c1a215721f6dec71b47d88b4687463601ba48"
    integrity sha512-GKM4FLMkWDc0sfx7tXqPWkM6NBow1kge0fgQh0bOnlqo4iT1kvTvMEKE0c1RtUGnbLlGRXiAA8SumE//90uKAg==
  
  compress.js@^1.1.2:
    version "1.1.2"
    resolved "https://registry.yarnpkg.com/compress.js/-/compress.js-1.1.2.tgz#2c19528a017b7d500673f2df69e66b04074d1464"
    integrity sha512-92bBngXANtmZpyBqO7E5nQMt6TOJtso8FO5fEx85WeF2t/CDAxs8K+KSu8EuLGMZWWMOdxvFf/bsXG7rOPmAyw==
  
  typescript@^4.3.5:
    version "4.3.5"
    resolved "https://registry.yarnpkg.com/typescript/-/typescript-4.3.5.tgz#4d1c37cc16e893973c45a06886b7113234f119f4"
    integrity sha512-DqQgihaQ9cUrskJo9kIyW/+g0Vxsk8cDtZ52a3NGh0YNTfpUSArXSohyUGnvbPazEPLu398C0UxmKSOrPumUzA==
  
  vanilla-masker@^1.2.0:
    version "1.2.0"
    resolved "https://registry.yarnpkg.com/vanilla-masker/-/vanilla-masker-1.2.0.tgz#c2830e9d994a5fecd2261506477c2707fe589756"
    integrity sha1-woMOnZlKX+zSJhUGR3wnB/5Yl1Y=
